CraftGuide: Extracting 'base/base.png' to '/Users/Sunday/Library/Application Support/minecraft/config/CraftGuide/themes/base/base.png'
CraftGuide: Extracting 'base/readme.txt' to '/Users/Sunday/Library/Application Support/minecraft/config/CraftGuide/themes/base/readme.txt'
CraftGuide: Extracting 'base/theme.xml' to '/Users/Sunday/Library/Application Support/minecraft/config/CraftGuide/themes/base/theme.xml'
CraftGuide: Extracting 'dark/dark.png' to '/Users/Sunday/Library/Application Support/minecraft/config/CraftGuide/themes/dark/dark.png'
CraftGuide: Extracting 'dark/dark_brew.png' to '/Users/Sunday/Library/Application Support/minecraft/config/CraftGuide/themes/dark/dark_brew.png'
CraftGuide: Extracting 'dark/dark_craft.png' to '/Users/Sunday/Library/Application Support/minecraft/config/CraftGuide/themes/dark/dark_craft.png'
CraftGuide: Extracting 'dark/theme.xml' to '/Users/Sunday/Library/Application Support/minecraft/config/CraftGuide/themes/dark/theme.xml'
CraftGuide: Extracting 'texpack_support/theme.xml' to '/Users/Sunday/Library/Application Support/minecraft/config/CraftGuide/themes/texpack_support/theme.xml'
(re)loading themes...
  Trying to load directory: base
    Found theme.xml
    Loaded base
  Trying to load directory: dark
    Found theme.xml
    Loaded dark
  Trying to load directory: texpack_support
    Found theme.xml
    Loaded texpack_support
(re)loading recipe list...
  Getting recipes...
    Generating recipes from uristqwerty.CraftGuide.recipes.DefaultRecipeProvider
    Generating recipes from uristqwerty.CraftGuide.recipes.BrewingRecipes
    Generating recipes from uristqwerty.CraftGuide.recipes.IC2Recipes
  Filtering recipes...
